
> nodejs-test@1.0.0 start /home/allenyoface/nodejs-test
> node server.js

Server is running.. on Port 4000
(node:11628) DeprecationWarning: PG.connect is deprecated - please see the upgrade guide at https://node-postgres.com/guides/upgrading

> nodejs-test@1.0.0 start /home/allenyoface/nodejs-test
> node server.js

Server is running.. on Port 4000
(node:14661) DeprecationWarning: PG.connect is deprecated - please see the upgrade guide at https://node-postgres.com/guides/upgrading

> nodejs-test@1.0.0 start /home/allenyoface/nodejs-test
> node server.js

Server is running.. on Port 4000
(node:14773) DeprecationWarning: PG.connect is deprecated - please see the upgrade guide at https://node-postgres.com/guides/upgrading

> nodejs-test@1.0.0 start /home/allenyoface/nodejs-test
> node server.js

Server is running.. on Port 4000
(node:28276) DeprecationWarning: PG.connect is deprecated - please see the upgrade guide at https://node-postgres.com/guides/upgrading
Killed
npm ERR! code ELIFECYCLE
npm ERR! errno 137
npm ERR! nodejs-test@1.0.0 start: `node server.js`
npm ERR! Exit status 137
npm ERR! 
npm ERR! Failed at the nodejs-test@1.0.0 start script.
npm ERR! This is probably not a problem with npm. There is likely additional logging output above.

npm ERR! A complete log of this run can be found in:
npm ERR!     /root/.npm/_logs/2019-07-24T04_27_36_775Z-debug.log

> nodejs-test@1.0.0 start /home/allenyoface/nodejs-test
> node server.js

Server is running.. on Port 4000
(node:29220) DeprecationWarning: PG.connect is deprecated - please see the upgrade guide at https://node-postgres.com/guides/upgrading
Killed
npm ERR! code ELIFECYCLE
npm ERR! errno 137
npm ERR! nodejs-test@1.0.0 start: `node server.js`
npm ERR! Exit status 137
npm ERR! 
npm ERR! Failed at the nodejs-test@1.0.0 start script.
npm ERR! This is probably not a problem with npm. There is likely additional logging output above.

npm ERR! A complete log of this run can be found in:
npm ERR!     /home/allenyoface/.npm/_logs/2019-07-28T17_35_34_789Z-debug.log
